\BOOKMARK [1][-]{section.1}{Przedstawienie problemu}{}% 1
\BOOKMARK [1][-]{section.2}{Cele projektu}{}% 2
\BOOKMARK [1][-]{section.3}{Wstepne za\233ozenia}{}% 3
\BOOKMARK [2][-]{subsection.3.1}{Srodowisko Implementacji}{section.3}% 4
\BOOKMARK [2][-]{subsection.3.2}{Praca w zespole}{section.3}% 5
\BOOKMARK [2][-]{subsection.3.3}{Za\233ozenia projektowe}{section.3}% 6
\BOOKMARK [1][-]{section.4}{Opis logiki}{}% 7
\BOOKMARK [2][-]{subsection.4.1}{Klasa Generator}{section.4}% 8
\BOOKMARK [2][-]{subsection.4.2}{Klasa Junction}{section.4}% 9
\BOOKMARK [2][-]{subsection.4.3}{Klasa Intersection}{section.4}% 10
\BOOKMARK [2][-]{subsection.4.4}{Klasa Road}{section.4}% 11
\BOOKMARK [2][-]{subsection.4.5}{Klasa Simulator}{section.4}% 12
\BOOKMARK [2][-]{subsection.4.6}{Klasa Vehicle}{section.4}% 13
\BOOKMARK [1][-]{section.5}{Algorytm kuku\233ki}{}% 14
\BOOKMARK [2][-]{subsection.5.1}{Opis funkcji uzytych w algorytmie kuku\233ek}{section.5}% 15
\BOOKMARK [2][-]{subsection.5.2}{Parametry Algorytmu kuku\233ek}{section.5}% 16
\BOOKMARK [1][-]{section.6}{Struktura aplikacji}{}% 17
\BOOKMARK [1][-]{section.7}{Obs\233uga aplikacji}{}% 18
\BOOKMARK [2][-]{subsection.7.1}{Dodaj Generator}{section.7}% 19
\BOOKMARK [2][-]{subsection.7.2}{Dodaj Skrzyzowanie}{section.7}% 20
\BOOKMARK [2][-]{subsection.7.3}{Dodaj Droge}{section.7}% 21
\BOOKMARK [2][-]{subsection.7.4}{Zacznij od nowa}{section.7}% 22
\BOOKMARK [2][-]{subsection.7.5}{Zapisz}{section.7}% 23
\BOOKMARK [2][-]{subsection.7.6}{Wczytaj}{section.7}% 24
\BOOKMARK [2][-]{subsection.7.7}{Wyslij do serwera}{section.7}% 25
\BOOKMARK [2][-]{subsection.7.8}{Sprawdz rozwiazanie}{section.7}% 26
\BOOKMARK [2][-]{subsection.7.9}{Rozpocznij Symulacje}{section.7}% 27
\BOOKMARK [2][-]{subsection.7.10}{Zatrzymaj Symulacje}{section.7}% 28
\BOOKMARK [2][-]{subsection.7.11}{Wyjdz}{section.7}% 29
\BOOKMARK [2][-]{subsection.7.12}{Szybkosc Symulacji}{section.7}% 30
\BOOKMARK [1][-]{section.8}{Rezultaty}{}% 31
